<?xml version="1.0" encoding="UTF-8"?>
<testsuite name="com.example.junit_selenium.Robobar" tests="1" skipped="0" failures="0" errors="0" timestamp="2021-02-05T09:27:20" hostname="ubuntu" time="16.884">
  <properties/>
  <testcase name="robobar()" classname="com.example.junit_selenium.Robobar" time="16.884"/>
  <system-out><![CDATA[]]></system-out>
  <system-err><![CDATA[Feb 05, 2021 10:27:29 AM org.openqa.selenium.remote.ProtocolHandshake createSession
INFO: Detected dialect: W3C
]]></system-err>
</testsuite>
